2017-10-28 22:11:17 : ----------- Starting Prefs Migration:  Adobe Phtotoshop CC 2018 Build 9  [2017\10\28 at 22:11:17] -----------
2017-10-28 22:11:17 : Photoshop found at 'C:\Program Files\Adobe\Adobe Photoshop CC 2018'  Version obtained:  19.0.0.24821
2017-10-28 22:11:17 : Checking Photoshop CC 2017 for prefs...
2017-10-28 22:11:17 : Photoshop CC 2017 found.
2017-10-28 22:11:17 : ---- Copy Files to C:\Users\Rikka\AppData\Roaming\Adobe\Adobe Photoshop CC 2018\Adobe Photoshop CC 2018 Settings --------
[COPY] C:\Users\Rikka\AppData\Roaming\Adobe\Adobe Photoshop CC 2018\Adobe Photoshop CC 2018 Settings\Actions Palette.psp
[COPY] C:\Users\Rikka\AppData\Roaming\Adobe\Adobe Photoshop CC 2018\Adobe Photoshop CC 2018 Settings\Adobe Photoshop CC 2018 Prefs.psp
[COPY] C:\Users\Rikka\AppData\Roaming\Adobe\Adobe Photoshop CC 2018\Adobe Photoshop CC 2018 Settings\Default Type Styles.psp
[COPY] C:\Users\Rikka\AppData\Roaming\Adobe\Adobe Photoshop CC 2018\Adobe Photoshop CC 2018 Settings\LaunchEndFlag.psp
[COPY] C:\Users\Rikka\AppData\Roaming\Adobe\Adobe Photoshop CC 2018\Adobe Photoshop CC 2018 Settings\Lens Blur Prefs.psp
[COPY] C:\Users\Rikka\AppData\Roaming\Adobe\Adobe Photoshop CC 2018\Adobe Photoshop CC 2018 Settings\LensFlare Filter Prefs.psp
[COPY] C:\Users\Rikka\AppData\Roaming\Adobe\Adobe Photoshop CC 2018\Adobe Photoshop CC 2018 Settings\Liquify Prefs.psp
[COPY] C:\Users\Rikka\AppData\Roaming\Adobe\Adobe Photoshop CC 2018\Adobe Photoshop CC 2018 Settings\MachinePrefs.psp
[COPY] C:\Users\Rikka\AppData\Roaming\Adobe\Adobe Photoshop CC 2018\Adobe Photoshop CC 2018 Settings\Materials.psp
[COPY] C:\Users\Rikka\AppData\Roaming\Adobe\Adobe Photoshop CC 2018\Adobe Photoshop CC 2018 Settings\MRU New Doc Sizes.json
[COPY] C:\Users\Rikka\AppData\Roaming\Adobe\Adobe Photoshop CC 2018\Adobe Photoshop CC 2018 Settings\MRUBrushes.psp
[COPY] C:\Users\Rikka\AppData\Roaming\Adobe\Adobe Photoshop CC 2018\Adobe Photoshop CC 2018 Settings\New Doc Sizes.json
[COPY] C:\Users\Rikka\AppData\Roaming\Adobe\Adobe Photoshop CC 2018\Adobe Photoshop CC 2018 Settings\PNG Format Prefs.psp
[COPY] C:\Users\Rikka\AppData\Roaming\Adobe\Adobe Photoshop CC 2018\Adobe Photoshop CC 2018 Settings\RadialBlur Filter Prefs.psp
[COPY] C:\Users\Rikka\AppData\Roaming\Adobe\Adobe Photoshop CC 2018\Adobe Photoshop CC 2018 Settings\Save for Web Prefs.psp
[COPY] C:\Users\Rikka\AppData\Roaming\Adobe\Adobe Photoshop CC 2018\Adobe Photoshop CC 2018 Settings\SmartBlur Filter Prefs.psp
[COPY] C:\Users\Rikka\AppData\Roaming\Adobe\Adobe Photoshop CC 2018\Adobe Photoshop CC 2018 Settings\Spherize Filter Prefs.psp
[COPY] C:\Users\Rikka\AppData\Roaming\Adobe\Adobe Photoshop CC 2018\Adobe Photoshop CC 2018 Settings\UIPrefs.psp
[COPY] C:\Users\Rikka\AppData\Roaming\Adobe\Adobe Photoshop CC 2018\Adobe Photoshop CC 2018 Settings\Wave Filter Prefs.psp
[COPY] C:\Users\Rikka\AppData\Roaming\Adobe\Adobe Photoshop CC 2018\Adobe Photoshop CC 2018 Settings\Workspace Prefs.psp
[COPY] C:\Users\Rikka\AppData\Roaming\Adobe\Adobe Photoshop CC 2018\Adobe Photoshop CC 2018 Settings\WorkSpaces (Modified)\Essentials.psw
[COPY] C:\Users\Rikka\AppData\Roaming\Adobe\Adobe Photoshop CC 2018\Adobe Photoshop CC 2018 Settings\WorkSpaces (Modified)\Select and Mask.psw
[COPY] C:\Users\Rikka\AppData\Roaming\Adobe\Adobe Photoshop CC 2018\Adobe Photoshop CC 2018 Settings\web-cache-temp\Local Storage\file__0.localstorage
[COPY] C:\Users\Rikka\AppData\Roaming\Adobe\Adobe Photoshop CC 2018\Adobe Photoshop CC 2018 Settings\web-cache-temp\Local Storage\file__0.localstorage-journal
[COPY] C:\Users\Rikka\AppData\Roaming\Adobe\Adobe Photoshop CC 2018\Adobe Photoshop CC 2018 Settings\CrashLogs\Photoshop_2017-09-13_161319_高梨RIKKA.crash
[COPY] C:\Users\Rikka\AppData\Roaming\Adobe\Adobe Photoshop CC 2018\Adobe Photoshop CC 2018 Settings\CrashLogs\Photoshop_2017-09-13_161351_高梨RIKKA.crash
[COPY] C:\Users\Rikka\AppData\Roaming\Adobe\Adobe Photoshop CC 2018\Adobe Photoshop CC 2018 Settings\CrashLogs\Photoshop_2017-09-13_161425_高梨RIKKA.crash
[COPY] C:\Users\Rikka\AppData\Roaming\Adobe\Adobe Photoshop CC 2018\Adobe Photoshop CC 2018 Settings\CrashLogs\Photoshop_2017-09-16_204437_高梨RIKKA.crash
[COPY] C:\Users\Rikka\AppData\Roaming\Adobe\Adobe Photoshop CC 2018\Adobe Photoshop CC 2018 Settings\CrashLogs\Photoshop_2017-09-19_180445_高梨RIKKA.crash
[COPY] C:\Users\Rikka\AppData\Roaming\Adobe\Adobe Photoshop CC 2018\Adobe Photoshop CC 2018 Settings\CrashLogs\Photoshop_2017-09-19_180757_高梨RIKKA.crash
[COPY] C:\Users\Rikka\AppData\Roaming\Adobe\Adobe Photoshop CC 2018\Adobe Photoshop CC 2018 Settings\CrashLogs\Photoshop_2017-09-19_180830_高梨RIKKA.crash
[COPY] C:\Users\Rikka\AppData\Roaming\Adobe\Adobe Photoshop CC 2018\Adobe Photoshop CC 2018 Settings\CrashLogs\Photoshop_2017-09-19_180915_高梨RIKKA.crash
[COPY] C:\Users\Rikka\AppData\Roaming\Adobe\Adobe Photoshop CC 2018\Adobe Photoshop CC 2018 Settings\CrashLogs\Photoshop_2017-10-07_214049_高梨RIKKA.crash
[COPY] C:\Users\Rikka\AppData\Roaming\Adobe\Adobe Photoshop CC 2018\Adobe Photoshop CC 2018 Settings\CrashLogs\Photoshop_2017-10-25_100755_高梨RIKKA.crash

2017-10-28 22:11:17 : [No action required] No files found:  C:\Users\Rikka\AppData\Roaming\Adobe\Adobe Photoshop CC 2017\Presets
2017-10-28 22:11:17 : ---- Copy Files to C:\Users\Rikka\AppData\Roaming\Adobe\Adobe Photoshop CC 2018\Optimized Colors --------
[COPY] C:\Users\Rikka\AppData\Roaming\Adobe\Adobe Photoshop CC 2018\Optimized Colors\Black - White.act
[COPY] C:\Users\Rikka\AppData\Roaming\Adobe\Adobe Photoshop CC 2018\Optimized Colors\Grayscale.act
[COPY] C:\Users\Rikka\AppData\Roaming\Adobe\Adobe Photoshop CC 2018\Optimized Colors\Mac OS.act
[COPY] C:\Users\Rikka\AppData\Roaming\Adobe\Adobe Photoshop CC 2018\Optimized Colors\Windows.act

2017-10-28 22:11:17 : ---- Copy Files to C:\Users\Rikka\AppData\Roaming\Adobe\Adobe Photoshop CC 2018\Optimized Output Settings --------
[COPY] C:\Users\Rikka\AppData\Roaming\Adobe\Adobe Photoshop CC 2018\Optimized Output Settings\Background Image.iros
[COPY] C:\Users\Rikka\AppData\Roaming\Adobe\Adobe Photoshop CC 2018\Optimized Output Settings\Default Settings.iros
[COPY] C:\Users\Rikka\AppData\Roaming\Adobe\Adobe Photoshop CC 2018\Optimized Output Settings\XHTML.iros

2017-10-28 22:11:18 : ---- Copy Files to C:\Users\Rikka\AppData\Roaming\Adobe\Adobe Photoshop CC 2018\Optimized Settings --------
[COPY] C:\Users\Rikka\AppData\Roaming\Adobe\Adobe Photoshop CC 2018\Optimized Settings\GIF 128 Dithered.irs
[COPY] C:\Users\Rikka\AppData\Roaming\Adobe\Adobe Photoshop CC 2018\Optimized Settings\GIF 128 No Dither.irs
[COPY] C:\Users\Rikka\AppData\Roaming\Adobe\Adobe Photoshop CC 2018\Optimized Settings\GIF 32 Dithered.irs
[COPY] C:\Users\Rikka\AppData\Roaming\Adobe\Adobe Photoshop CC 2018\Optimized Settings\GIF 32 No Dither.irs
[COPY] C:\Users\Rikka\AppData\Roaming\Adobe\Adobe Photoshop CC 2018\Optimized Settings\GIF 64 Dithered.irs
[COPY] C:\Users\Rikka\AppData\Roaming\Adobe\Adobe Photoshop CC 2018\Optimized Settings\GIF 64 No Dither.irs
[COPY] C:\Users\Rikka\AppData\Roaming\Adobe\Adobe Photoshop CC 2018\Optimized Settings\GIF Restrictive.irs
[COPY] C:\Users\Rikka\AppData\Roaming\Adobe\Adobe Photoshop CC 2018\Optimized Settings\JPEG High.irs
[COPY] C:\Users\Rikka\AppData\Roaming\Adobe\Adobe Photoshop CC 2018\Optimized Settings\JPEG Low.irs
[COPY] C:\Users\Rikka\AppData\Roaming\Adobe\Adobe Photoshop CC 2018\Optimized Settings\JPEG Medium.irs
[COPY] C:\Users\Rikka\AppData\Roaming\Adobe\Adobe Photoshop CC 2018\Optimized Settings\PNG-24.irs
[COPY] C:\Users\Rikka\AppData\Roaming\Adobe\Adobe Photoshop CC 2018\Optimized Settings\PNG-8 128 Dithered.irs

2017-10-28 22:11:18 : ------ Prefs Migration Complete:  2017\10\28 at 22:11:18 -----------
