2019-01-24 09:30:51 : ----------- Starting Prefs Migration:  Adobe Phtotoshop CC 2019 Build 11  [2019\01\24 at 09:30:51] -----------
2019-01-24 09:30:51 : Param [1] Received:  --migrationFlag=TRUE
2019-01-24 09:30:51 : Param [2] Received:  --installDir=C:\Program Files\Adobe\Adobe Photoshop CC 2019
2019-01-24 09:30:51 : Photoshop found at 'C:\Program Files\Adobe\Adobe Photoshop CC 2019'  Version obtained:  20.0.2.22488
2019-01-24 09:30:51 : Checking Photoshop CC 2018 for prefs...
2019-01-24 09:30:51 : Photoshop CC 2018 found.
2019-01-24 09:30:52 : ---- Copy Files to C:\Users\Rikka\AppData\Roaming\Adobe\Adobe Photoshop CC 2019\Adobe Photoshop CC 2019 Settings --------
[COPY] C:\Users\Rikka\AppData\Roaming\Adobe\Adobe Photoshop CC 2019\Adobe Photoshop CC 2019 Settings\Actions Palette.psp
[COPY] C:\Users\Rikka\AppData\Roaming\Adobe\Adobe Photoshop CC 2019\Adobe Photoshop CC 2019 Settings\Adobe Photoshop CC 2019 Prefs.psp
[COPY] C:\Users\Rikka\AppData\Roaming\Adobe\Adobe Photoshop CC 2019\Adobe Photoshop CC 2019 Settings\Default Type Styles.psp
[COPY] C:\Users\Rikka\AppData\Roaming\Adobe\Adobe Photoshop CC 2019\Adobe Photoshop CC 2019 Settings\LaunchEndFlag.psp
[COPY] C:\Users\Rikka\AppData\Roaming\Adobe\Adobe Photoshop CC 2019\Adobe Photoshop CC 2019 Settings\Lens Blur Prefs.psp
[COPY] C:\Users\Rikka\AppData\Roaming\Adobe\Adobe Photoshop CC 2019\Adobe Photoshop CC 2019 Settings\LensFlare Filter Prefs.psp
[COPY] C:\Users\Rikka\AppData\Roaming\Adobe\Adobe Photoshop CC 2019\Adobe Photoshop CC 2019 Settings\Liquify Prefs.psp
[COPY] C:\Users\Rikka\AppData\Roaming\Adobe\Adobe Photoshop CC 2019\Adobe Photoshop CC 2019 Settings\MachinePrefs.psp
[COPY] C:\Users\Rikka\AppData\Roaming\Adobe\Adobe Photoshop CC 2019\Adobe Photoshop CC 2019 Settings\Materials.psp
[COPY] C:\Users\Rikka\AppData\Roaming\Adobe\Adobe Photoshop CC 2019\Adobe Photoshop CC 2019 Settings\MRU New Doc Sizes.json
[COPY] C:\Users\Rikka\AppData\Roaming\Adobe\Adobe Photoshop CC 2019\Adobe Photoshop CC 2019 Settings\MRUBrushes.psp
[COPY] C:\Users\Rikka\AppData\Roaming\Adobe\Adobe Photoshop CC 2019\Adobe Photoshop CC 2019 Settings\New Doc Sizes.json
[COPY] C:\Users\Rikka\AppData\Roaming\Adobe\Adobe Photoshop CC 2019\Adobe Photoshop CC 2019 Settings\PNG Format Prefs.psp
[COPY] C:\Users\Rikka\AppData\Roaming\Adobe\Adobe Photoshop CC 2019\Adobe Photoshop CC 2019 Settings\RadialBlur Filter Prefs.psp
[COPY] C:\Users\Rikka\AppData\Roaming\Adobe\Adobe Photoshop CC 2019\Adobe Photoshop CC 2019 Settings\Save for Web Prefs.psp
[COPY] C:\Users\Rikka\AppData\Roaming\Adobe\Adobe Photoshop CC 2019\Adobe Photoshop CC 2019 Settings\SmartBlur Filter Prefs.psp
[COPY] C:\Users\Rikka\AppData\Roaming\Adobe\Adobe Photoshop CC 2019\Adobe Photoshop CC 2019 Settings\Spherize Filter Prefs.psp
[COPY] C:\Users\Rikka\AppData\Roaming\Adobe\Adobe Photoshop CC 2019\Adobe Photoshop CC 2019 Settings\UIPrefs.psp
[COPY] C:\Users\Rikka\AppData\Roaming\Adobe\Adobe Photoshop CC 2019\Adobe Photoshop CC 2019 Settings\Wave Filter Prefs.psp
[COPY] C:\Users\Rikka\AppData\Roaming\Adobe\Adobe Photoshop CC 2019\Adobe Photoshop CC 2019 Settings\Workspace Prefs.psp
[COPY] C:\Users\Rikka\AppData\Roaming\Adobe\Adobe Photoshop CC 2019\Adobe Photoshop CC 2019 Settings\WorkSpaces (Modified)\Essentials.psw
[COPY] C:\Users\Rikka\AppData\Roaming\Adobe\Adobe Photoshop CC 2019\Adobe Photoshop CC 2019 Settings\WorkSpaces (Modified)\Select and Mask.psw
[COPY] C:\Users\Rikka\AppData\Roaming\Adobe\Adobe Photoshop CC 2019\Adobe Photoshop CC 2019 Settings\web-cache-temp\Local Storage\file__0.localstorage
[COPY] C:\Users\Rikka\AppData\Roaming\Adobe\Adobe Photoshop CC 2019\Adobe Photoshop CC 2019 Settings\web-cache-temp\Local Storage\file__0.localstorage-journal
[COPY] C:\Users\Rikka\AppData\Roaming\Adobe\Adobe Photoshop CC 2019\Adobe Photoshop CC 2019 Settings\CrashLogs\Photoshop_2017-09-13_161319_高梨RIKKA.crash
[COPY] C:\Users\Rikka\AppData\Roaming\Adobe\Adobe Photoshop CC 2019\Adobe Photoshop CC 2019 Settings\CrashLogs\Photoshop_2017-09-13_161351_高梨RIKKA.crash
[COPY] C:\Users\Rikka\AppData\Roaming\Adobe\Adobe Photoshop CC 2019\Adobe Photoshop CC 2019 Settings\CrashLogs\Photoshop_2017-09-13_161425_高梨RIKKA.crash
[COPY] C:\Users\Rikka\AppData\Roaming\Adobe\Adobe Photoshop CC 2019\Adobe Photoshop CC 2019 Settings\CrashLogs\Photoshop_2017-09-16_204437_高梨RIKKA.crash
[COPY] C:\Users\Rikka\AppData\Roaming\Adobe\Adobe Photoshop CC 2019\Adobe Photoshop CC 2019 Settings\CrashLogs\Photoshop_2017-09-19_180445_高梨RIKKA.crash
[COPY] C:\Users\Rikka\AppData\Roaming\Adobe\Adobe Photoshop CC 2019\Adobe Photoshop CC 2019 Settings\CrashLogs\Photoshop_2017-09-19_180757_高梨RIKKA.crash
[COPY] C:\Users\Rikka\AppData\Roaming\Adobe\Adobe Photoshop CC 2019\Adobe Photoshop CC 2019 Settings\CrashLogs\Photoshop_2017-09-19_180830_高梨RIKKA.crash
[COPY] C:\Users\Rikka\AppData\Roaming\Adobe\Adobe Photoshop CC 2019\Adobe Photoshop CC 2019 Settings\CrashLogs\Photoshop_2017-09-19_180915_高梨RIKKA.crash
[COPY] C:\Users\Rikka\AppData\Roaming\Adobe\Adobe Photoshop CC 2019\Adobe Photoshop CC 2019 Settings\CrashLogs\Photoshop_2017-10-07_214049_高梨RIKKA.crash
[COPY] C:\Users\Rikka\AppData\Roaming\Adobe\Adobe Photoshop CC 2019\Adobe Photoshop CC 2019 Settings\CrashLogs\Photoshop_2017-10-25_100755_高梨RIKKA.crash

2019-01-24 09:30:52 : [No action required] No files found:  C:\Users\Rikka\AppData\Roaming\Adobe\Adobe Photoshop CC 2018\Presets
2019-01-24 09:30:52 : ---- Copy Files to C:\Users\Rikka\AppData\Roaming\Adobe\Adobe Photoshop CC 2019\Optimized Colors --------
[COPY] C:\Users\Rikka\AppData\Roaming\Adobe\Adobe Photoshop CC 2019\Optimized Colors\Black - White.act
[COPY] C:\Users\Rikka\AppData\Roaming\Adobe\Adobe Photoshop CC 2019\Optimized Colors\Grayscale.act
[COPY] C:\Users\Rikka\AppData\Roaming\Adobe\Adobe Photoshop CC 2019\Optimized Colors\Mac OS.act
[COPY] C:\Users\Rikka\AppData\Roaming\Adobe\Adobe Photoshop CC 2019\Optimized Colors\Windows.act

2019-01-24 09:30:52 : ---- Copy Files to C:\Users\Rikka\AppData\Roaming\Adobe\Adobe Photoshop CC 2019\Optimized Output Settings --------
[COPY] C:\Users\Rikka\AppData\Roaming\Adobe\Adobe Photoshop CC 2019\Optimized Output Settings\Background Image.iros
[COPY] C:\Users\Rikka\AppData\Roaming\Adobe\Adobe Photoshop CC 2019\Optimized Output Settings\Default Settings.iros
[COPY] C:\Users\Rikka\AppData\Roaming\Adobe\Adobe Photoshop CC 2019\Optimized Output Settings\XHTML.iros

2019-01-24 09:30:52 : ---- Copy Files to C:\Users\Rikka\AppData\Roaming\Adobe\Adobe Photoshop CC 2019\Optimized Settings --------
[COPY] C:\Users\Rikka\AppData\Roaming\Adobe\Adobe Photoshop CC 2019\Optimized Settings\GIF 128 Dithered.irs
[COPY] C:\Users\Rikka\AppData\Roaming\Adobe\Adobe Photoshop CC 2019\Optimized Settings\GIF 128 No Dither.irs
[COPY] C:\Users\Rikka\AppData\Roaming\Adobe\Adobe Photoshop CC 2019\Optimized Settings\GIF 32 Dithered.irs
[COPY] C:\Users\Rikka\AppData\Roaming\Adobe\Adobe Photoshop CC 2019\Optimized Settings\GIF 32 No Dither.irs
[COPY] C:\Users\Rikka\AppData\Roaming\Adobe\Adobe Photoshop CC 2019\Optimized Settings\GIF 64 Dithered.irs
[COPY] C:\Users\Rikka\AppData\Roaming\Adobe\Adobe Photoshop CC 2019\Optimized Settings\GIF 64 No Dither.irs
[COPY] C:\Users\Rikka\AppData\Roaming\Adobe\Adobe Photoshop CC 2019\Optimized Settings\GIF Restrictive.irs
[COPY] C:\Users\Rikka\AppData\Roaming\Adobe\Adobe Photoshop CC 2019\Optimized Settings\JPEG High.irs
[COPY] C:\Users\Rikka\AppData\Roaming\Adobe\Adobe Photoshop CC 2019\Optimized Settings\JPEG Low.irs
[COPY] C:\Users\Rikka\AppData\Roaming\Adobe\Adobe Photoshop CC 2019\Optimized Settings\JPEG Medium.irs
[COPY] C:\Users\Rikka\AppData\Roaming\Adobe\Adobe Photoshop CC 2019\Optimized Settings\PNG-24.irs
[COPY] C:\Users\Rikka\AppData\Roaming\Adobe\Adobe Photoshop CC 2019\Optimized Settings\PNG-8 128 Dithered.irs

2019-01-24 09:30:52 : ------ Prefs Migration Complete:  2019\01\24 at 09:30:52 -----------
