[1184] [NRM] [Game] [External(0)] [External()] [2018-01-23T02:09:41.382Z]: #= VoiceClient: ============================Startup============================
[1184] [NRM] [Game] [External(0)] [External()] [2018-01-23T02:09:41.386Z]: #= VoiceClient: State -> INITIALISED
[1184] [NRM] [Game] [External(0)] [External()] [2018-01-23T02:09:47.087Z]: #= VoiceClient: + Found render device Speakers (SteelSeries SC2 USB Headset)
[1184] [NRM] [Game] [External(0)] [External()] [2018-01-23T02:09:47.087Z]: #= VoiceClient: + Found render device Default System Device
[1184] [NRM] [Game] [External(0)] [External()] [2018-01-23T02:09:47.087Z]: #= VoiceClient: + Found render device No Device
[1184] [NRM] [Game] [External(0)] [External()] [2018-01-23T02:09:47.087Z]: #= VoiceClient: + Render device changed from Unknown -> Speakers (SteelSeries SC2 USB Headset)
[1184] [NRM] [Game] [External(0)] [External()] [2018-01-23T02:09:47.154Z]: #= VoiceClient: + Found capture device Microphone (Screaming Bee Audio)
[1184] [NRM] [Game] [External(0)] [External()] [2018-01-23T02:09:47.154Z]: #= VoiceClient: + Found capture device Microphone (SteelSeries SC2 USB Headset)
[1184] [NRM] [Game] [External(0)] [External()] [2018-01-23T02:09:47.154Z]: #= VoiceClient: + Found capture device Default System Device
[1184] [NRM] [Game] [External(0)] [External()] [2018-01-23T02:09:47.154Z]: #= VoiceClient: + Found capture device No Device
[1184] [NRM] [Game] [External(0)] [External()] [2018-01-23T02:09:47.154Z]: #= VoiceClient: + Capture device changed from Unknown -> Microphone (SteelSeries SC2 USB Headset)
[1184] [NRM] [Game] [External(0)] [External()] [2018-01-23T02:09:52.400Z]: #= VoiceClient: Auto-Join Enabled Flags 0000 -> 0005
[1184] [NRM] [Game] [External(0)] [External()] [2018-01-23T02:09:52.400Z]: #= VoiceClient: Channel Enabled Flags 0000 -> 0005
[1184] [NRM] [Game] [External(0)] [External()] [2018-01-23T02:17:59.242Z]: #= VoiceClient: ChatSystem switching to new PARTY channel: _?__HtQ==__?_
[1184] [NRM] [Game] [External(0)] [External()] [2018-01-23T02:17:59.242Z]: #= VoiceClient: RequestJoinChannel -> PARTY : _?__HtQ==__?_
[1184] [NRM] [Game] [External(0)] [External()] [2018-01-23T02:17:59.242Z]: #= VoiceClient: __SetTargetActiveChannelType(UNKNOWN -> PARTY) : -2
[1184] [NRM] [Game] [External(0)] [External()] [2018-01-23T02:17:59.242Z]: #= VoiceClient: + region: us, url: __?__
[1184] [NRM] [Game] [External(0)] [External()] [2018-01-23T02:17:59.242Z]: #= VoiceClient: State -> CREATING_CONNECTOR
[1184] [NRM] [Game] [External(0)] [External()] [2018-01-23T02:18:01.492Z]: #= VoiceClient: State -> CREATED_CONNECTOR
[1184] [NRM] [Game] [External(0)] [External()] [2018-01-23T02:18:01.492Z]: #= VoiceClient: SetVolume(52)
[1184] [NRM] [Game] [External(0)] [External()] [2018-01-23T02:18:01.492Z]: #= VoiceClient: SetMicVolume(50)
[1184] [NRM] [Game] [External(0)] [External()] [2018-01-23T02:18:01.492Z]: #= VoiceClient: SetMicMute(1)
[1184] [NRM] [Game] [External(0)] [External()] [2018-01-23T02:18:01.526Z]: #= VoiceClient: State -> LOGGING_IN
[1184] [NRM] [Game] [External(0)] [External()] [2018-01-23T02:18:01.743Z]: #= VoiceClient: + login_state_logging_in
[1184] [NRM] [Game] [External(0)] [External()] [2018-01-23T02:18:01.876Z]: #= VoiceClient: + account uri = .4ccc6a922dc1_2018012302180172662600.
[1184] [NRM] [Game] [External(0)] [External()] [2018-01-23T02:18:01.876Z]: #= VoiceClient: State -> LOGGED_IN
[1184] [NRM] [Game] [External(0)] [External()] [2018-01-23T02:18:01.876Z]: #= VoiceClient: + login_state_logged_in
[1184] [NRM] [Game] [External(0)] [External()] [2018-01-23T02:18:01.892Z]: #= VoiceClient: State -> CREATING_SESSIONGROUP
[1184] [NRM] [Game] [External(0)] [External()] [2018-01-23T02:18:01.926Z]: #= VoiceClient: State -> CREATED_SESSIONGROUP
[1184] [NRM] [Game] [External(0)] [External()] [2018-01-23T02:18:01.943Z]: #= VoiceClient: SetVolume(60)
[1184] [NRM] [Game] [External(0)] [External()] [2018-01-23T02:18:01.943Z]: #= VoiceClient: SetMicVolume(48)
[1184] [NRM] [Game] [External(0)] [External()] [2018-01-23T02:18:02.060Z]: #= VoiceClient: + ChannelSession _?__HtQ==__?_-> JOINING
[1184] [NRM] [Game] [External(0)] [External()] [2018-01-23T02:18:02.060Z]: #= VoiceClient: + session_media_connecting : _?__HtQ==__?_ <0>
[1184] [NRM] [Game] [External(0)] [External()] [2018-01-23T02:18:02.159Z]: #= VoiceClient: + session_media_connected : _?__HtQ==__?_ <200>:  ChannelSession _?__HtQ==__?_-> IN_SESSION
[1184] [NRM] [Game] [External(0)] [External()] [2018-01-23T02:18:02.276Z]: #= VoiceClient: + Participant added : URI .4ccc6a922dc1_2018012302180172662600., Channel _?__HtQ==__?_, Session __?__
[1184] [NRM] [Game] [External(0)] [External()] [2018-01-23T02:18:02.277Z]: #= VoiceClient: + Participant added : URI .60a44cec5df5_2018012302180246439600., Channel _?__HtQ==__?_, Session __?__
[1184] [NRM] [Game] [External(0)] [External()] [2018-01-23T02:20:24.783Z]: #= VoiceClient: __SetTargetActiveChannelType(PARTY -> TEAM) : 5
[1184] [NRM] [Game] [External(0)] [External()] [2018-01-23T02:20:24.783Z]: #= VoiceClient: ChatSystem leaving PARTY channel: _?__HtQ==__?_
[1184] [NRM] [Game] [External(0)] [External()] [2018-01-23T02:20:24.783Z]: #= VoiceClient: RequestLeaveChannel -> _?__HtQ==__?_ from IN_SESSION
[1184] [NRM] [Game] [External(0)] [External()] [2018-01-23T02:20:24.783Z]: #= VoiceClient: + ChannelSession _?__HtQ==__?_-> PENDING_REMOVE
[1184] [NRM] [Game] [External(0)] [External()] [2018-01-23T02:20:24.869Z]: #= VoiceClient: + session_media_disconnecting : _?__HtQ==__?_ <0>
[1184] [NRM] [Game] [External(0)] [External()] [2018-01-23T02:20:24.913Z]: #= VoiceClient: + Participant removed : URI .4ccc6a922dc1_2018012302180172662600., Channel _?__HtQ==__?_, Session __?__ (spoke 0 times)
[1184] [NRM] [Game] [External(0)] [External()] [2018-01-23T02:20:24.913Z]: #= VoiceClient: + session_media_disconnected : _?__HtQ==__?_ <0>
[1184] [NRM] [Game] [External(0)] [External()] [2018-01-23T02:20:24.926Z]: #= VoiceClient: + ChannelSession _?__HtQ==__?_-> REMOVED (session __?__)
[1184] [NRM] [Game] [External(0)] [External()] [2018-01-23T02:20:26.784Z]: #= VoiceClient: ChatSystem switching to new TEAM channel: _?__vcg==__?_
[1184] [NRM] [Game] [External(0)] [External()] [2018-01-23T02:20:26.784Z]: #= VoiceClient: RequestJoinChannel -> TEAM : _?__vcg==__?_
[1184] [NRM] [Game] [External(0)] [External()] [2018-01-23T02:20:26.869Z]: #= VoiceClient: + ChannelSession _?__vcg==__?_-> JOINING
[1184] [NRM] [Game] [External(0)] [External()] [2018-01-23T02:20:26.869Z]: #= VoiceClient: + session_media_connecting : _?__vcg==__?_ <0>
[1184] [NRM] [Game] [External(0)] [External()] [2018-01-23T02:20:26.984Z]: #= VoiceClient: + session_media_connected : _?__vcg==__?_ <200>:  ChannelSession _?__vcg==__?_-> IN_SESSION
[1184] [NRM] [Game] [External(0)] [External()] [2018-01-23T02:20:27.126Z]: #= VoiceClient: + Participant added : URI .4ccc6a922dc1_2018012302180172662600., Channel _?__vcg==__?_, Session __?__
[1184] [NRM] [Game] [External(0)] [External()] [2018-01-23T02:20:27.126Z]: #= VoiceClient: + Participant added : URI .5800e36372e3_2018012302192027031400., Channel _?__vcg==__?_, Session __?__
[1184] [NRM] [Game] [External(0)] [External()] [2018-01-23T02:20:27.126Z]: #= VoiceClient: + Participant added : URI .8416f908f773_2018012302074587244500., Channel _?__vcg==__?_, Session __?__
[1184] [NRM] [Game] [External(0)] [External()] [2018-01-23T02:20:27.126Z]: #= VoiceClient: + Participant added : URI .887873949fcb_2018012301562872877000., Channel _?__vcg==__?_, Session __?__
[1184] [NRM] [Game] [External(0)] [External()] [2018-01-23T02:20:27.126Z]: #= VoiceClient: + Participant added : URI .b0359f7671d1_2018012302082180510000., Channel _?__vcg==__?_, Session __?__
[1184] [NRM] [Game] [External(0)] [External()] [2018-01-23T02:23:12.379Z]: #= VoiceClient: ChatSystem leaving TEAM channel: _?__vcg==__?_
[1184] [NRM] [Game] [External(0)] [External()] [2018-01-23T02:23:12.379Z]: #= VoiceClient: RequestLeaveChannel -> _?__vcg==__?_ from IN_SESSION
[1184] [NRM] [Game] [External(0)] [External()] [2018-01-23T02:23:12.379Z]: #= VoiceClient: + Participant removed : URI .5800e36372e3_2018012302192027031400., Channel _?__vcg==__?_, Session __?__ (spoke 0 times)
[1184] [NRM] [Game] [External(0)] [External()] [2018-01-23T02:23:12.379Z]: #= VoiceClient: + ChannelSession _?__vcg==__?_-> PENDING_REMOVE
[1184] [NRM] [Game] [External(0)] [External()] [2018-01-23T02:23:12.446Z]: #= VoiceClient: + session_media_disconnecting : _?__vcg==__?_ <0>
[1184] [NRM] [Game] [External(0)] [External()] [2018-01-23T02:23:12.503Z]: #= VoiceClient: + Participant removed : URI .4ccc6a922dc1_2018012302180172662600., Channel _?__vcg==__?_, Session __?__ (spoke 0 times)
[1184] [NRM] [Game] [External(0)] [External()] [2018-01-23T02:23:12.503Z]: #= VoiceClient: + session_media_disconnected : _?__vcg==__?_ <0>
[1184] [NRM] [Game] [External(0)] [External()] [2018-01-23T02:23:12.503Z]: #= VoiceClient: + ChannelSession _?__vcg==__?_-> REMOVED (session __?__)
[1184] [NRM] [Game] [External(0)] [External()] [2018-01-23T02:23:14.518Z]: #= VoiceClient: __SetTargetActiveChannelType(TEAM -> UNKNOWN) : 2
[1184] [NRM] [Game] [External(0)] [External()] [2018-01-23T02:23:18.285Z]: #= VoiceClient: ChatSystem switching to new PARTY channel: _?__W1g==__?_
[1184] [NRM] [Game] [External(0)] [External()] [2018-01-23T02:23:18.285Z]: #= VoiceClient: RequestJoinChannel -> PARTY : _?__W1g==__?_
[1184] [NRM] [Game] [External(0)] [External()] [2018-01-23T02:23:18.285Z]: #= VoiceClient: __SetTargetActiveChannelType(UNKNOWN -> PARTY) : -2
[1184] [NRM] [Game] [External(0)] [External()] [2018-01-23T02:23:18.368Z]: #= VoiceClient: + ChannelSession _?__W1g==__?_-> JOINING
[1184] [NRM] [Game] [External(0)] [External()] [2018-01-23T02:23:18.368Z]: #= VoiceClient: + session_media_connecting : _?__W1g==__?_ <0>
[1184] [NRM] [Game] [External(0)] [External()] [2018-01-23T02:23:18.502Z]: #= VoiceClient: + session_media_connected : _?__W1g==__?_ <200>:  ChannelSession _?__W1g==__?_-> IN_SESSION
[1184] [NRM] [Game] [External(0)] [External()] [2018-01-23T02:23:18.635Z]: #= VoiceClient: + Participant added : URI .4ccc6a922dc1_2018012302180172662600., Channel _?__W1g==__?_, Session __?__
[1184] [NRM] [Game] [External(0)] [External()] [2018-01-23T02:23:18.635Z]: #= VoiceClient: + Participant added : URI .60a44cec5df5_2018012302180246439600., Channel _?__W1g==__?_, Session __?__
[1184] [NRM] [Game] [External(0)] [External()] [2018-01-23T02:24:22.704Z]: #= VoiceClient: ChatSystem leaving PARTY channel: _?__W1g==__?_
[1184] [NRM] [Game] [External(0)] [External()] [2018-01-23T02:24:22.704Z]: #= VoiceClient: RequestLeaveChannel -> _?__W1g==__?_ from IN_SESSION
[1184] [NRM] [Game] [External(0)] [External()] [2018-01-23T02:24:22.704Z]: #= VoiceClient: __SetTargetActiveChannelType(PARTY -> UNKNOWN) : 1
[1184] [NRM] [Game] [External(0)] [External()] [2018-01-23T02:24:22.704Z]: #= VoiceClient: + ChannelSession _?__W1g==__?_-> PENDING_REMOVE
[1184] [NRM] [Game] [External(0)] [External()] [2018-01-23T02:24:22.737Z]: #= VoiceClient: + session_media_disconnecting : _?__W1g==__?_ <0>
[1184] [NRM] [Game] [External(0)] [External()] [2018-01-23T02:24:22.804Z]: #= VoiceClient: + Participant removed : URI .4ccc6a922dc1_2018012302180172662600., Channel _?__W1g==__?_, Session __?__ (spoke 0 times)
[1184] [NRM] [Game] [External(0)] [External()] [2018-01-23T02:24:22.804Z]: #= VoiceClient: + session_media_disconnected : _?__W1g==__?_ <0>
[1184] [NRM] [Game] [External(0)] [External()] [2018-01-23T02:24:22.804Z]: #= VoiceClient: + ChannelSession _?__W1g==__?_-> REMOVED (session __?__)
[1184] [NRM] [Game] [External(0)] [External()] [2018-01-23T02:31:21.482Z]: #= VoiceClient: Auto-Join Enabled Flags 0005 -> 0000
[1184] [NRM] [Game] [External(0)] [External()] [2018-01-23T02:31:21.482Z]: #= VoiceClient: Channel Enabled Flags 0005 -> 0000
[1184] [NRM] [Game] [External(0)] [External()] [2018-01-23T02:31:21.482Z]: #= VoiceClient: State -> REMOVING_SESSIONGROUP
[1184] [NRM] [Game] [External(0)] [External()] [2018-01-23T02:31:21.653Z]: #= VoiceClient: State -> LOGGED_IN
[1184] [NRM] [Game] [External(0)] [External()] [2018-01-23T02:31:21.686Z]: #= VoiceClient: State -> LOGGING_OUT
[1184] [NRM] [Game] [External(0)] [External()] [2018-01-23T02:31:21.708Z]: #= VoiceClient: + login_state_logging_out
[1184] [NRM] [Game] [External(0)] [External()] [2018-01-23T02:31:21.708Z]: #= VoiceClient: State -> CREATED_CONNECTOR
[1184] [NRM] [Game] [External(0)] [External()] [2018-01-23T02:31:21.708Z]: #= VoiceClient: + login_state_logged_out <200>
[1184] [NRM] [Game] [External(0)] [External()] [2018-01-23T02:31:21.766Z]: #= VoiceClient: State -> INITIALISED
[1184] [NRM] [Game] [External(0)] [External()] [2018-01-23T02:31:26.287Z]: #= VoiceClient: ============================Shutdown============================
[1184] [NRM] [Game] [External(0)] [External()] [2018-01-23T02:31:26.389Z]: #= VoiceClient: ==========================On App Exit============================
[1184] [NRM] [Game] [External(0)] [External()] [2018-01-23T02:31:26.389Z]: #= VoiceClient: State -> UNINITIALISED
