[2019-08-28 14:25:27.818] [DISPLAY] Using DPI 96
[2019-08-28 14:25:27.881] [DISPLAY] File version 10000:6c90000 (for F:\Steam\steamapps\common\Grand Theft Auto V\GTA5.exe)
[2019-08-28 14:25:27.937] [DISPLAY] File version 10002:40001 (for C:\Program Files\Rockstar Games\Social Club\socialclub.dll)
[2019-08-28 14:25:27.981] [DISPLAY] File version 10000:6c90000 (for F:\Steam\steamapps\common\Grand Theft Auto V\GTAVLauncher.exe)
[2019-08-28 14:25:27.995] [DISPLAY] Version: |1.0.1737.0|1.2.4.1|1.0.1737.0|FSP
[2019-08-28 14:25:28.459] [DISPLAY] OS version: Major: 6, Minor: 2, Build: 9200, Platform: 2
[2019-08-28 14:25:28.723] [DISPLAY] Steam initialized successfully
[2019-08-28 14:25:28.731] [DISPLAY] 	Steam id: 76561198102257327
[2019-08-28 14:25:28.737] [DISPLAY] 	Steam offline: FALSE
[2019-08-28 14:25:28.745] [DISPLAY] 	Steam persona: Jokerino SMurf
[2019-08-28 14:25:28.770] [DISPLAY] Social Club initializing...
[2019-08-28 14:25:29.381] [DISPLAY] Attempting to create device...
[2019-08-28 14:25:29.385] [DISPLAY] Attempting to initialise DX9 COM object...
[2019-08-28 14:25:29.407] [DISPLAY] Window size: 690 x 496
[2019-08-28 14:25:29.484] [DISPLAY] Successfully created DX Device!
[2019-08-28 14:25:30.518] [DISPLAY] Geo: US
[2019-08-28 14:25:36.901] [DISPLAY] Launching game...
[2019-08-28 14:25:36.905] [DISPLAY] (path: F:\Steam\steamapps\common\Grand Theft Auto V\GTA5.exe cmdline: "F:\Steam\steamapps\common\Grand Theft Auto V\GTA5.exe" -StraightIntoFreemode -novid -console)
[2019-08-28 14:38:25.518] [ ERROR ] GameComm: ReadFile failed.
[2019-08-28 14:38:25.930] [DISPLAY] Game exited with code 0x1
[2019-08-28 14:38:25.930] [ ERROR ] Unable to stat out-file!
[2019-08-28 14:38:25.932] [ ERROR ] ************************************************************************
[2019-08-28 14:38:25.932] [ ERROR ] * Setting error condition
[2019-08-28 14:38:25.932] [ ERROR ] * Category:  1 (ERROR_CATEGORY_LAUNCHER)
[2019-08-28 14:38:25.932] [ ERROR ] * Code:     107 (LAUNCHER_ERR_GAME_CRASHED)
[2019-08-28 14:38:25.932] [ ERROR ] * Extra:     
[2019-08-28 14:38:25.932] [ ERROR ] * Localised: Launcher error.  Code: 107 
[2019-08-28 14:38:25.932] [ ERROR ] ************************************************************************
[2019-08-28 14:38:25.934] [ ERROR ] Unable to read out-file!
[2019-08-28 14:38:25.936] [ ERROR ] ************************************************************************
[2019-08-28 14:38:25.936] [ ERROR ] * Setting error condition
[2019-08-28 14:38:25.936] [ ERROR ] * Category:  5 (ERROR_CATEGORY_EXIT_CODE)
[2019-08-28 14:38:25.936] [ ERROR ] * Code:      1 (1)
[2019-08-28 14:38:25.936] [ ERROR ] * Extra:     
[2019-08-28 14:38:25.936] [ ERROR ] * Localised: Grand Theft Auto V exited unexpectedly.  

Please click Retry below to enter the game again, or click Safe Mode to launch the game with reduced graphics settings.  

If you continue to have problems playing the game, please contact Rockstar Games Customer Service at http://support.rockstargames.com
[2019-08-28 14:38:25.936] [ ERROR ] ************************************************************************
[2019-08-28 14:38:25.939] [ ERROR ] Exit code 0x1 indicates an unexpected game termination
[2019-08-28 14:38:25.951] [ ERROR ] Unable to clear in-file and out-file!
[2019-08-28 14:38:33.068] [DISPLAY] Uninitializing.
